{"/home/nicolas/code/temp/julian/scoreboard-library/src/helpers/index.ts": {"path":"/home/nicolas/code/temp/julian/scoreboard-library/src/helpers/index.ts","all":false,"statementMap":{"0":{"start":{"line":1,"column":0},"end":{"line":1,"column":31}}},"s":{"0":1},"branchMap":{},"b":{},"fnMap":{},"f":{}}
,"/home/nicolas/code/temp/julian/scoreboard-library/src/helpers/orderByScore.ts": {"path":"/home/nicolas/code/temp/julian/scoreboard-library/src/helpers/orderByScore.ts","all":false,"statementMap":{"0":{"start":{"line":1,"column":0},"end":{"line":1,"column":39}},"1":{"start":{"line":2,"column":0},"end":{"line":2,"column":0}},"2":{"start":{"line":3,"column":0},"end":{"line":3,"column":55}},"3":{"start":{"line":4,"column":0},"end":{"line":4,"column":63}},"4":{"start":{"line":5,"column":0},"end":{"line":5,"column":2}},"5":{"start":{"line":6,"column":0},"end":{"line":6,"column":0}},"6":{"start":{"line":7,"column":0},"end":{"line":7,"column":74}},"7":{"start":{"line":8,"column":0},"end":{"line":8,"column":0}},"8":{"start":{"line":9,"column":0},"end":{"line":9,"column":64}},"9":{"start":{"line":10,"column":0},"end":{"line":10,"column":32}},"10":{"start":{"line":11,"column":0},"end":{"line":11,"column":54}},"11":{"start":{"line":12,"column":0},"end":{"line":12,"column":55}},"12":{"start":{"line":13,"column":0},"end":{"line":13,"column":5}},"13":{"start":{"line":14,"column":0},"end":{"line":14,"column":0}},"14":{"start":{"line":15,"column":0},"end":{"line":15,"column":54}},"15":{"start":{"line":16,"column":0},"end":{"line":16,"column":43}},"16":{"start":{"line":17,"column":0},"end":{"line":17,"column":39}},"17":{"start":{"line":18,"column":0},"end":{"line":18,"column":0}},"18":{"start":{"line":19,"column":0},"end":{"line":19,"column":10}},"19":{"start":{"line":20,"column":0},"end":{"line":20,"column":59}},"20":{"start":{"line":21,"column":0},"end":{"line":21,"column":44}},"21":{"start":{"line":22,"column":0},"end":{"line":22,"column":9}},"22":{"start":{"line":23,"column":0},"end":{"line":23,"column":35}},"23":{"start":{"line":24,"column":0},"end":{"line":24,"column":7}},"24":{"start":{"line":25,"column":0},"end":{"line":25,"column":4}},"25":{"start":{"line":26,"column":0},"end":{"line":26,"column":0}},"26":{"start":{"line":27,"column":0},"end":{"line":27,"column":27}},"27":{"start":{"line":28,"column":0},"end":{"line":28,"column":2}}},"s":{"0":1,"1":1,"2":1,"3":2,"4":2,"5":1,"6":1,"7":1,"8":1,"9":30,"10":30,"11":30,"12":30,"13":30,"14":30,"15":18,"16":18,"17":18,"18":18,"19":18,"20":12,"21":18,"22":2,"23":2,"24":18,"25":30,"26":30,"27":30},"branchMap":{"0":{"type":"branch","line":3,"loc":{"start":{"line":3,"column":54},"end":{"line":5,"column":2}},"locations":[{"start":{"line":3,"column":54},"end":{"line":5,"column":2}}]},"1":{"type":"branch","line":7,"loc":{"start":{"line":7,"column":25},"end":{"line":7,"column":73}},"locations":[{"start":{"line":7,"column":25},"end":{"line":7,"column":73}}]},"2":{"type":"branch","line":9,"loc":{"start":{"line":9,"column":27},"end":{"line":28,"column":2}},"locations":[{"start":{"line":9,"column":27},"end":{"line":28,"column":2}}]},"3":{"type":"branch","line":15,"loc":{"start":{"line":15,"column":53},"end":{"line":25,"column":4}},"locations":[{"start":{"line":15,"column":53},"end":{"line":25,"column":4}}]},"4":{"type":"branch","line":20,"loc":{"start":{"line":20,"column":55},"end":{"line":21,"column":44}},"locations":[{"start":{"line":20,"column":55},"end":{"line":21,"column":44}}]},"5":{"type":"branch","line":22,"loc":{"start":{"line":22,"column":8},"end":{"line":24,"column":7}},"locations":[{"start":{"line":22,"column":8},"end":{"line":24,"column":7}}]},"6":{"type":"branch","line":12,"loc":{"start":{"line":12,"column":6},"end":{"line":12,"column":55}},"locations":[{"start":{"line":12,"column":6},"end":{"line":12,"column":55}}]}},"b":{"0":[2],"1":[96],"2":[30],"3":[18],"4":[12],"5":[2],"6":[21]},"fnMap":{"0":{"name":"swap","decl":{"start":{"line":3,"column":54},"end":{"line":5,"column":2}},"loc":{"start":{"line":3,"column":54},"end":{"line":5,"column":2}},"line":3},"1":{"name":"getPoints","decl":{"start":{"line":7,"column":25},"end":{"line":7,"column":73}},"loc":{"start":{"line":7,"column":25},"end":{"line":7,"column":73}},"line":7},"2":{"name":"sortByScore","decl":{"start":{"line":9,"column":27},"end":{"line":28,"column":2}},"loc":{"start":{"line":9,"column":27},"end":{"line":28,"column":2}},"line":9}},"f":{"0":2,"1":96,"2":30}}
,"/home/nicolas/code/temp/julian/scoreboard-library/src/library/index.ts": {"path":"/home/nicolas/code/temp/julian/scoreboard-library/src/library/index.ts","all":false,"statementMap":{"0":{"start":{"line":1,"column":0},"end":{"line":1,"column":32}}},"s":{"0":1},"branchMap":{},"b":{},"fnMap":{},"f":{}}
,"/home/nicolas/code/temp/julian/scoreboard-library/src/library/useScoreboard.tsx": {"path":"/home/nicolas/code/temp/julian/scoreboard-library/src/library/useScoreboard.tsx","all":false,"statementMap":{"0":{"start":{"line":1,"column":0},"end":{"line":1,"column":33}},"1":{"start":{"line":2,"column":0},"end":{"line":2,"column":41}},"2":{"start":{"line":3,"column":0},"end":{"line":3,"column":39}},"3":{"start":{"line":4,"column":0},"end":{"line":4,"column":0}},"4":{"start":{"line":5,"column":0},"end":{"line":5,"column":36}},"5":{"start":{"line":6,"column":0},"end":{"line":6,"column":62}},"6":{"start":{"line":7,"column":0},"end":{"line":7,"column":0}},"7":{"start":{"line":8,"column":0},"end":{"line":8,"column":64}},"8":{"start":{"line":9,"column":0},"end":{"line":9,"column":33}},"9":{"start":{"line":10,"column":0},"end":{"line":10,"column":57}},"10":{"start":{"line":11,"column":0},"end":{"line":11,"column":0}},"11":{"start":{"line":12,"column":0},"end":{"line":12,"column":29}},"12":{"start":{"line":13,"column":0},"end":{"line":13,"column":18}},"13":{"start":{"line":14,"column":0},"end":{"line":14,"column":33}},"14":{"start":{"line":15,"column":0},"end":{"line":15,"column":18}},"15":{"start":{"line":16,"column":0},"end":{"line":16,"column":47}},"16":{"start":{"line":17,"column":0},"end":{"line":17,"column":23}},"17":{"start":{"line":18,"column":0},"end":{"line":18,"column":8}},"18":{"start":{"line":19,"column":0},"end":{"line":19,"column":0}},"19":{"start":{"line":20,"column":0},"end":{"line":20,"column":48}},"20":{"start":{"line":21,"column":0},"end":{"line":21,"column":5}},"21":{"start":{"line":22,"column":0},"end":{"line":22,"column":0}},"22":{"start":{"line":23,"column":0},"end":{"line":23,"column":45}},"23":{"start":{"line":24,"column":0},"end":{"line":24,"column":59}},"24":{"start":{"line":25,"column":0},"end":{"line":25,"column":0}},"25":{"start":{"line":26,"column":0},"end":{"line":26,"column":71}},"26":{"start":{"line":27,"column":0},"end":{"line":27,"column":5}},"27":{"start":{"line":28,"column":0},"end":{"line":28,"column":0}},"28":{"start":{"line":29,"column":0},"end":{"line":29,"column":68}},"29":{"start":{"line":30,"column":0},"end":{"line":30,"column":59}},"30":{"start":{"line":31,"column":0},"end":{"line":31,"column":60}},"31":{"start":{"line":32,"column":0},"end":{"line":32,"column":0}},"32":{"start":{"line":33,"column":0},"end":{"line":33,"column":29}},"33":{"start":{"line":34,"column":0},"end":{"line":34,"column":28}},"34":{"start":{"line":35,"column":0},"end":{"line":35,"column":62}},"35":{"start":{"line":36,"column":0},"end":{"line":36,"column":10}},"36":{"start":{"line":37,"column":0},"end":{"line":37,"column":8}},"37":{"start":{"line":38,"column":0},"end":{"line":38,"column":5}},"38":{"start":{"line":39,"column":0},"end":{"line":39,"column":0}},"39":{"start":{"line":40,"column":0},"end":{"line":40,"column":53}},"40":{"start":{"line":41,"column":0},"end":{"line":41,"column":0}},"41":{"start":{"line":42,"column":0},"end":{"line":42,"column":11}},"42":{"start":{"line":43,"column":0},"end":{"line":43,"column":17}},"43":{"start":{"line":44,"column":0},"end":{"line":44,"column":18}},"44":{"start":{"line":45,"column":0},"end":{"line":45,"column":18}},"45":{"start":{"line":46,"column":0},"end":{"line":46,"column":16}},"46":{"start":{"line":47,"column":0},"end":{"line":47,"column":14}},"47":{"start":{"line":48,"column":0},"end":{"line":48,"column":5}},"48":{"start":{"line":49,"column":0},"end":{"line":49,"column":2}}},"s":{"0":1,"1":1,"2":1,"3":1,"4":1,"5":27,"6":27,"7":27,"8":15,"9":15,"10":13,"11":13,"12":13,"13":13,"14":13,"15":13,"16":13,"17":13,"18":13,"19":13,"20":13,"21":27,"22":27,"23":3,"24":2,"25":2,"26":2,"27":27,"28":27,"29":4,"30":4,"31":2,"32":2,"33":2,"34":3,"35":2,"36":2,"37":2,"38":27,"39":27,"40":27,"41":27,"42":27,"43":27,"44":27,"45":27,"46":27,"47":27,"48":27},"branchMap":{"0":{"type":"branch","line":5,"loc":{"start":{"line":5,"column":29},"end":{"line":49,"column":2}},"locations":[{"start":{"line":5,"column":29},"end":{"line":49,"column":2}}]},"1":{"type":"branch","line":8,"loc":{"start":{"line":8,"column":23},"end":{"line":21,"column":5}},"locations":[{"start":{"line":8,"column":23},"end":{"line":21,"column":5}}]},"2":{"type":"branch","line":9,"loc":{"start":{"line":9,"column":11},"end":{"line":9,"column":33}},"locations":[{"start":{"line":9,"column":11},"end":{"line":9,"column":33}}]},"3":{"type":"branch","line":10,"loc":{"start":{"line":10,"column":9},"end":{"line":10,"column":57}},"locations":[{"start":{"line":10,"column":9},"end":{"line":10,"column":57}}]},"4":{"type":"branch","line":11,"loc":{"start":{"line":11,"column":-1},"end":{"line":21,"column":5}},"locations":[{"start":{"line":11,"column":-1},"end":{"line":21,"column":5}}]},"5":{"type":"branch","line":20,"loc":{"start":{"line":20,"column":20},"end":{"line":20,"column":48}},"locations":[{"start":{"line":20,"column":20},"end":{"line":20,"column":48}}]},"6":{"type":"branch","line":23,"loc":{"start":{"line":23,"column":23},"end":{"line":27,"column":5}},"locations":[{"start":{"line":23,"column":23},"end":{"line":27,"column":5}}]},"7":{"type":"branch","line":24,"loc":{"start":{"line":24,"column":20},"end":{"line":24,"column":59}},"locations":[{"start":{"line":24,"column":20},"end":{"line":24,"column":59}}]},"8":{"type":"branch","line":25,"loc":{"start":{"line":25,"column":-1},"end":{"line":27,"column":5}},"locations":[{"start":{"line":25,"column":-1},"end":{"line":27,"column":5}}]},"9":{"type":"branch","line":26,"loc":{"start":{"line":26,"column":20},"end":{"line":26,"column":71}},"locations":[{"start":{"line":26,"column":20},"end":{"line":26,"column":71}}]},"10":{"type":"branch","line":26,"loc":{"start":{"line":26,"column":42},"end":{"line":26,"column":71}},"locations":[{"start":{"line":26,"column":42},"end":{"line":26,"column":71}}]},"11":{"type":"branch","line":29,"loc":{"start":{"line":29,"column":21},"end":{"line":38,"column":5}},"locations":[{"start":{"line":29,"column":21},"end":{"line":38,"column":5}}]},"12":{"type":"branch","line":30,"loc":{"start":{"line":30,"column":20},"end":{"line":30,"column":59}},"locations":[{"start":{"line":30,"column":20},"end":{"line":30,"column":59}}]},"13":{"type":"branch","line":31,"loc":{"start":{"line":31,"column":-1},"end":{"line":31,"column":18}},"locations":[{"start":{"line":31,"column":-1},"end":{"line":31,"column":18}}]},"14":{"type":"branch","line":31,"loc":{"start":{"line":31,"column":18},"end":{"line":31,"column":60}},"locations":[{"start":{"line":31,"column":18},"end":{"line":31,"column":60}}]},"15":{"type":"branch","line":32,"loc":{"start":{"line":32,"column":-1},"end":{"line":38,"column":5}},"locations":[{"start":{"line":32,"column":-1},"end":{"line":38,"column":5}}]},"16":{"type":"branch","line":33,"loc":{"start":{"line":33,"column":20},"end":{"line":35,"column":62}},"locations":[{"start":{"line":33,"column":20},"end":{"line":35,"column":62}}]},"17":{"type":"branch","line":34,"loc":{"start":{"line":34,"column":18},"end":{"line":35,"column":62}},"locations":[{"start":{"line":34,"column":18},"end":{"line":35,"column":62}}]},"18":{"type":"branch","line":35,"loc":{"start":{"line":35,"column":25},"end":{"line":35,"column":57}},"locations":[{"start":{"line":35,"column":25},"end":{"line":35,"column":57}}]},"19":{"type":"branch","line":35,"loc":{"start":{"line":35,"column":53},"end":{"line":35,"column":62}},"locations":[{"start":{"line":35,"column":53},"end":{"line":35,"column":62}}]}},"b":{"0":[27],"1":[15],"2":[14],"3":[2],"4":[13],"5":[13],"6":[3],"7":[1],"8":[2],"9":[2],"10":[4],"11":[4],"12":[1],"13":[3],"14":[1],"15":[2],"16":[2],"17":[3],"18":[1],"19":[2]},"fnMap":{"0":{"name":"useScoreboard","decl":{"start":{"line":5,"column":29},"end":{"line":49,"column":2}},"loc":{"start":{"line":5,"column":29},"end":{"line":49,"column":2}},"line":5},"1":{"name":"createMatch","decl":{"start":{"line":8,"column":23},"end":{"line":21,"column":5}},"loc":{"start":{"line":8,"column":23},"end":{"line":21,"column":5}},"line":8},"2":{"name":"finishMatch","decl":{"start":{"line":23,"column":23},"end":{"line":27,"column":5}},"loc":{"start":{"line":23,"column":23},"end":{"line":27,"column":5}},"line":23},"3":{"name":"editMatch","decl":{"start":{"line":29,"column":21},"end":{"line":38,"column":5}},"loc":{"start":{"line":29,"column":21},"end":{"line":38,"column":5}},"line":29}},"f":{"0":27,"1":15,"2":3,"3":4}}
}
